2026-05-03 23:16:30,799 - INFO - Inicio del proceso de carga a base de datos
2026-05-03 23:16:43,793 - INFO - Conexión a PostgreSQL exitosa
2026-05-03 23:17:28,289 - INFO - Tablas verificadas/creadas correctamente
2026-05-03 23:25:32,445 - INFO - Inicio del proceso de carga a base de datos
2026-05-03 23:25:38,715 - INFO - Conexión a PostgreSQL exitosa
2026-05-03 23:25:41,524 - INFO - Tablas verificadas/creadas correctamente
2026-05-03 23:43:05,119 - INFO - Inicio del proceso de carga a base de datos
2026-05-03 23:43:05,166 - INFO - Inicio del proceso de carga a base de datos
2026-05-03 23:43:12,621 - INFO - Conexión a PostgreSQL exitosa
2026-05-03 23:43:16,475 - INFO - Tablas verificadas/creadas correctamente
2026-05-03 23:43:56,238 - INFO - Inicio del proceso de carga a base de datos
2026-05-03 23:44:01,928 - INFO - Conexión a PostgreSQL exitosa
2026-05-03 23:44:05,060 - INFO - Tablas verificadas/creadas correctamente
2026-05-03 23:45:00,771 - INFO - Inicio del proceso de carga a base de datos
2026-05-03 23:45:08,304 - INFO - Conexión a PostgreSQL exitosa
2026-05-03 23:45:11,320 - INFO - Tablas verificadas/creadas correctamente
2026-05-03 23:46:01,288 - INFO - Registros válidos insertados: 3
2026-05-03 23:46:49,127 - INFO - Registros válidos insertados: 3
2026-05-03 23:47:03,618 - INFO - Registros inválidos insertados en tabla de error: 3
2026-05-03 23:47:32,272 - INFO - Registros inválidos insertados en tabla de error: 3
2026-05-03 23:48:13,938 - INFO - Fin del proceso de carga a base de datos
2026-05-06 01:02:59,141 - INFO - Inicio del proceso de carga a base de datos
2026-05-06 01:03:07,564 - INFO - Conexión a PostgreSQL exitosa
2026-05-06 01:03:16,557 - INFO - Tablas verificadas/creadas correctamente
2026-05-06 01:45:37,024 - INFO - Inicio del proceso de carga a base de datos
2026-05-06 01:45:44,976 - INFO - Conexión a PostgreSQL exitosa
2026-05-06 01:45:49,080 - INFO - Tablas verificadas/creadas correctamente
2026-05-06 01:46:32,576 - ERROR - No se insertaron válidos por errores: ['La columna fecha contiene valores nulos']
2026-05-06 02:01:57,263 - INFO - Inicio del proceso de carga a base de datos
2026-05-06 02:02:03,503 - INFO - Conexión a PostgreSQL exitosa
2026-05-06 02:02:06,490 - INFO - Tablas verificadas/creadas correctamente
2026-05-06 02:02:30,584 - INFO - Registros válidos insertados: 3
2026-05-06 02:02:36,071 - INFO - Registros inválidos insertados en tabla de error: 5
2026-05-06 02:02:52,812 - INFO - Fin del proceso de carga a base de datos
2026-05-08 13:45:58,429 - INFO - Inicio del proceso de carga a base de datos
2026-05-08 13:47:24,767 - INFO - Conexión a PostgreSQL exitosa
2026-05-08 13:48:47,226 - INFO - Tablas verificadas/creadas correctamente
2026-05-08 13:55:48,425 - INFO - Registros válidos insertados: 3
2026-05-08 13:56:17,777 - INFO - Registros inválidos insertados en tabla de error: 5
2026-05-08 14:02:38,071 - INFO - Fin del proceso de carga a base de datos
2026-05-12 23:26:19,593 - INFO - Inicio del proceso de carga a base de datos
2026-05-12 23:26:27,104 - INFO - Conexión a PostgreSQL exitosa
2026-05-12 23:26:31,580 - INFO - Tablas verificadas/creadas correctamente
2026-05-12 23:26:55,910 - INFO - Registros válidos insertados: 3
2026-05-12 23:26:58,864 - INFO - Registros inválidos insertados en tabla de error: 5
2026-05-12 23:27:13,252 - INFO - Fin del proceso de carga a base de datos
2026-05-30 22:39:13,701 - INFO - Inicio del proceso de carga a base de datos
2026-05-30 22:54:03,481 - INFO - Inicio del proceso de carga a base de datos
2026-05-30 23:00:01,263 - INFO - Conexión a PostgreSQL exitosa
2026-05-30 23:00:05,168 - INFO - Tablas verificadas/creadas correctamente
2026-05-30 23:15:44,769 - INFO - Inicio del proceso de carga a base de datos
2026-05-30 23:15:51,972 - INFO - Conexión a PostgreSQL exitosa
2026-05-30 23:15:55,095 - INFO - Tablas verificadas/creadas correctamente
2026-05-30 23:19:11,004 - INFO - Registros válidos insertados: 549427
2026-05-30 23:22:47,569 - INFO - Inicio del proceso de carga a base de datos
2026-05-30 23:22:50,158 - INFO - Conexión a PostgreSQL exitosa
2026-05-30 23:22:50,739 - INFO - Tablas verificadas/creadas correctamente
2026-05-30 23:24:07,224 - ERROR - Error insertando registros válidos: Can't reconnect until invalid transaction is rolled back.  Please rollback() fully before proceeding (Background on this error at: https://sqlalche.me/e/20/8s2b)
2026-05-30 23:24:08,031 - INFO - Fin del proceso de carga a base de datos
2026-05-31 01:32:13,144 - INFO - Inicio del proceso de carga a base de datos
2026-05-31 01:32:15,792 - INFO - Conexión a PostgreSQL exitosa
2026-05-31 01:32:16,364 - INFO - Tablas verificadas/creadas correctamente
2026-05-31 01:34:24,566 - INFO - Registros válidos insertados: 549427
2026-05-31 01:34:26,460 - INFO - Registros inválidos insertados en tabla de error: 6292
2026-05-31 01:34:28,970 - INFO - Fin del proceso de carga a base de datos
